This file contains any messages produced by compilers while
running configure, to aid debugging if configure makes a mistake.

It was created by nuwriter configure 1.0, which was
generated by GNU Autoconf 2.69.  Invocation command line was

  $ ./configure 

## --------- ##
## Platform. ##
## --------- ##

hostname = ubuntu
uname -m = x86_64
uname -r = 4.15.0-33-generic
uname -s = Linux
uname -v = #36~16.04.1-Ubuntu SMP Wed Aug 15 17:21:05 UTC 2018

/usr/bin/uname -p = unknown
/bin/uname -X     = unknown

/bin/arch              = unknown
/usr/bin/arch -k       = unknown
/usr/convex/getsysinfo = unknown
/usr/bin/hostinfo      = unknown
/bin/machine           = unknown
/usr/bin/oslevel       = unknown
/bin/universe          = unknown

PATH: /home/schung/bin
PATH: /home/schung/.local/bin
PATH: /usr/local/sbin
PATH: /usr/local/bin
PATH: /usr/sbin
PATH: /usr/bin
PATH: /sbin
PATH: /bin
PATH: /usr/games
PATH: /usr/local/games
PATH: /snap/bin
PATH: /home/schung/Git_Server/work/am335x_linux/andorid/andorid/jdk1.6.0_45/bin
PATH: /home/schung/Git_Server/nuc970/buildroot/output/host/usr/bin


## ----------- ##
## Core tests. ##
## ----------- ##

configure:2328: checking for a BSD-compatible install
configure:2396: result: /usr/bin/install -c
configure:2407: checking whether build environment is sane
configure:2462: result: yes
configure:2613: checking for a thread-safe mkdir -p
configure:2652: result: /bin/mkdir -p
configure:2659: checking for gawk
configure:2675: found /usr/bin/gawk
configure:2686: result: gawk
configure:2697: checking whether make sets $(MAKE)
configure:2719: result: yes
configure:2748: checking whether make supports nested variables
configure:2765: result: yes
configure:2961: checking for gcc
configure:2977: found /usr/bin/gcc
configure:2988: result: gcc
configure:3217: checking for C compiler version
configure:3226: gcc --version >&5
gcc (Ubuntu 5.4.0-6ubuntu1~16.04.10) 5.4.0 20160609
Copyright (C) 2015 Free Software Foundation, Inc.
This is free software; see the source for copying conditions.  There is NO
warranty; not even for MERCHANTABILITY or FITNESS FOR A PARTICULAR PURPOSE.

configure:3237: $? = 0
configure:3226: gcc -v >&5
Using built-in specs.
COLLECT_GCC=gcc
COLLECT_LTO_WRAPPER=/usr/lib/gcc/x86_64-linux-gnu/5/lto-wrapper
Target: x86_64-linux-gnu
Configured with: ../src/configure -v --with-pkgversion='Ubuntu 5.4.0-6ubuntu1~16.04.10' --with-bugurl=file:///usr/share/doc/gcc-5/README.Bugs --enable-languages=c,ada,c++,java,go,d,fortran,objc,obj-c++ --prefix=/usr --program-suffix=-5 --enable-shared --enable-linker-build-id --libexecdir=/usr/lib --without-included-gettext --enable-threads=posix --libdir=/usr/lib --enable-nls --with-sysroot=/ --enable-clocale=gnu --enable-libstdcxx-debug --enable-libstdcxx-time=yes --with-default-libstdcxx-abi=new --enable-gnu-unique-object --disable-vtable-verify --enable-libmpx --enable-plugin --with-system-zlib --disable-browser-plugin --enable-java-awt=gtk --enable-gtk-cairo --with-java-home=/usr/lib/jvm/java-1.5.0-gcj-5-amd64/jre --enable-java-home --with-jvm-root-dir=/usr/lib/jvm/java-1.5.0-gcj-5-amd64 --with-jvm-jar-dir=/usr/lib/jvm-exports/java-1.5.0-gcj-5-amd64 --with-arch-directory=amd64 --with-ecj-jar=/usr/share/java/eclipse-ecj.jar --enable-objc-gc --enable-multiarch --disable-werror --with-arch-32=i686 --with-abi=m64 --with-multilib-list=m32,m64,mx32 --enable-multilib --with-tune=generic --enable-checking=release --build=x86_64-linux-gnu --host=x86_64-linux-gnu --target=x86_64-linux-gnu
Thread model: posix
gcc version 5.4.0 20160609 (Ubuntu 5.4.0-6ubuntu1~16.04.10) 
configure:3237: $? = 0
configure:3226: gcc -V >&5
gcc: error: unrecognized command line option '-V'
gcc: fatal error: no input files
compilation terminated.
configure:3237: $? = 1
configure:3226: gcc -qversion >&5
gcc: error: unrecognized command line option '-qversion'
gcc: fatal error: no input files
compilation terminated.
configure:3237: $? = 1
configure:3257: checking whether the C compiler works
configure:3279: gcc    conftest.c  >&5
configure:3283: $? = 0
configure:3331: result: yes
configure:3334: checking for C compiler default output file name
configure:3336: result: a.out
configure:3342: checking for suffix of executables
configure:3349: gcc -o conftest    conftest.c  >&5
configure:3353: $? = 0
configure:3375: result: 
configure:3397: checking whether we are cross compiling
configure:3405: gcc -o conftest    conftest.c  >&5
configure:3409: $? = 0
configure:3416: ./conftest
configure:3420: $? = 0
configure:3435: result: no
configure:3440: checking for suffix of object files
configure:3462: gcc -c   conftest.c >&5
configure:3466: $? = 0
configure:3487: result: o
configure:3491: checking whether we are using the GNU C compiler
configure:3510: gcc -c   conftest.c >&5
configure:3510: $? = 0
configure:3519: result: yes
configure:3528: checking whether gcc accepts -g
configure:3548: gcc -c -g  conftest.c >&5
configure:3548: $? = 0
configure:3589: result: yes
configure:3606: checking for gcc option to accept ISO C89
configure:3669: gcc  -c -g -O2  conftest.c >&5
configure:3669: $? = 0
configure:3682: result: none needed
configure:3707: checking whether gcc understands -c and -o together
configure:3729: gcc -c conftest.c -o conftest2.o
configure:3732: $? = 0
configure:3729: gcc -c conftest.c -o conftest2.o
configure:3732: $? = 0
configure:3744: result: yes
configure:3772: checking for style of include used by make
configure:3800: result: GNU
configure:3826: checking dependency style of gcc
configure:3937: result: gcc3
configure:4008: checking for pkg-config
configure:4026: found /usr/bin/pkg-config
configure:4038: result: /usr/bin/pkg-config
configure:4063: checking pkg-config is at least version 0.9.0
configure:4066: result: yes
configure:4076: checking for LIBUSB
configure:4083: $PKG_CONFIG --exists --print-errors "libusb-1.0"
configure:4086: $? = 0
configure:4100: $PKG_CONFIG --exists --print-errors "libusb-1.0"
configure:4103: $? = 0
configure:4161: result: yes
configure:4173: checking how to run the C preprocessor
configure:4204: gcc -E  conftest.c
configure:4204: $? = 0
configure:4218: gcc -E  conftest.c
conftest.c:12:28: fatal error: ac_nonexistent.h: No such file or directory
compilation terminated.
configure:4218: $? = 1
configure: failed program was:
| /* confdefs.h */
| #define PACKAGE_NAME "nuwriter"
| #define PACKAGE_TARNAME "nuwriter"
| #define PACKAGE_VERSION "1.0"
| #define PACKAGE_STRING "nuwriter 1.0"
| #define PACKAGE_BUGREPORT "www.nuvoton.com.tw"
| #define PACKAGE_URL ""
| #define PACKAGE "nuwriter"
| #define VERSION "1.0"
| #define NUDATA_PATH "NONE/share/nudata"
| /* end confdefs.h.  */
| #include <ac_nonexistent.h>
configure:4243: result: gcc -E
configure:4263: gcc -E  conftest.c
configure:4263: $? = 0
configure:4277: gcc -E  conftest.c
conftest.c:12:28: fatal error: ac_nonexistent.h: No such file or directory
compilation terminated.
configure:4277: $? = 1
configure: failed program was:
| /* confdefs.h */
| #define PACKAGE_NAME "nuwriter"
| #define PACKAGE_TARNAME "nuwriter"
| #define PACKAGE_VERSION "1.0"
| #define PACKAGE_STRING "nuwriter 1.0"
| #define PACKAGE_BUGREPORT "www.nuvoton.com.tw"
| #define PACKAGE_URL ""
| #define PACKAGE "nuwriter"
| #define VERSION "1.0"
| #define NUDATA_PATH "NONE/share/nudata"
| /* end confdefs.h.  */
| #include <ac_nonexistent.h>
configure:4306: checking for grep that handles long lines and -e
configure:4364: result: /bin/grep
configure:4369: checking for egrep
configure:4431: result: /bin/grep -E
configure:4436: checking for ANSI C header files
configure:4456: gcc -c -g -O2  conftest.c >&5
configure:4456: $? = 0
configure:4529: gcc -o conftest -g -O2   conftest.c  >&5
configure:4529: $? = 0
configure:4529: ./conftest
configure:4529: $? = 0
configure:4540: result: yes
configure:4553: checking for sys/types.h
configure:4553: gcc -c -g -O2  conftest.c >&5
configure:4553: $? = 0
configure:4553: result: yes
configure:4553: checking for sys/stat.h
configure:4553: gcc -c -g -O2  conftest.c >&5
configure:4553: $? = 0
configure:4553: result: yes
configure:4553: checking for stdlib.h
configure:4553: gcc -c -g -O2  conftest.c >&5
configure:4553: $? = 0
configure:4553: result: yes
configure:4553: checking for string.h
configure:4553: gcc -c -g -O2  conftest.c >&5
configure:4553: $? = 0
configure:4553: result: yes
configure:4553: checking for memory.h
configure:4553: gcc -c -g -O2  conftest.c >&5
configure:4553: $? = 0
configure:4553: result: yes
configure:4553: checking for strings.h
configure:4553: gcc -c -g -O2  conftest.c >&5
configure:4553: $? = 0
configure:4553: result: yes
configure:4553: checking for inttypes.h
configure:4553: gcc -c -g -O2  conftest.c >&5
configure:4553: $? = 0
configure:4553: result: yes
configure:4553: checking for stdint.h
configure:4553: gcc -c -g -O2  conftest.c >&5
configure:4553: $? = 0
configure:4553: result: yes
configure:4553: checking for unistd.h
configure:4553: gcc -c -g -O2  conftest.c >&5
configure:4553: $? = 0
configure:4553: result: yes
configure:4568: checking for stdlib.h
configure:4568: result: yes
configure:4568: checking for string.h
configure:4568: result: yes
configure:4568: checking for unistd.h
configure:4568: result: yes
configure:4581: checking for stdbool.h that conforms to C99
configure:4648: gcc -c -g -O2  conftest.c >&5
configure:4648: $? = 0
configure:4655: result: yes
configure:4657: checking for _Bool
configure:4657: gcc -c -g -O2  conftest.c >&5
configure:4657: $? = 0
configure:4657: gcc -c -g -O2  conftest.c >&5
conftest.c: In function 'main':
conftest.c:61:20: error: expected expression before ')' token
 if (sizeof ((_Bool)))
                    ^
configure:4657: $? = 1
configure: failed program was:
| /* confdefs.h */
| #define PACKAGE_NAME "nuwriter"
| #define PACKAGE_TARNAME "nuwriter"
| #define PACKAGE_VERSION "1.0"
| #define PACKAGE_STRING "nuwriter 1.0"
| #define PACKAGE_BUGREPORT "www.nuvoton.com.tw"
| #define PACKAGE_URL ""
| #define PACKAGE "nuwriter"
| #define VERSION "1.0"
| #define NUDATA_PATH "NONE/share/nudata"
| #define STDC_HEADERS 1
| #define HAVE_SYS_TYPES_H 1
| #define HAVE_SYS_STAT_H 1
| #define HAVE_STDLIB_H 1
| #define HAVE_STRING_H 1
| #define HAVE_MEMORY_H 1
| #define HAVE_STRINGS_H 1
| #define HAVE_INTTYPES_H 1
| #define HAVE_STDINT_H 1
| #define HAVE_UNISTD_H 1
| #define HAVE_STDLIB_H 1
| #define HAVE_STRING_H 1
| #define HAVE_UNISTD_H 1
| /* end confdefs.h.  */
| #include <stdio.h>
| #ifdef HAVE_SYS_TYPES_H
| # include <sys/types.h>
| #endif
| #ifdef HAVE_SYS_STAT_H
| # include <sys/stat.h>
| #endif
| #ifdef STDC_HEADERS
| # include <stdlib.h>
| # include <stddef.h>
| #else
| # ifdef HAVE_STDLIB_H
| #  include <stdlib.h>
| # endif
| #endif
| #ifdef HAVE_STRING_H
| # if !defined STDC_HEADERS && defined HAVE_MEMORY_H
| #  include <memory.h>
| # endif
| # include <string.h>
| #endif
| #ifdef HAVE_STRINGS_H
| # include <strings.h>
| #endif
| #ifdef HAVE_INTTYPES_H
| # include <inttypes.h>
| #endif
| #ifdef HAVE_STDINT_H
| # include <stdint.h>
| #endif
| #ifdef HAVE_UNISTD_H
| # include <unistd.h>
| #endif
| int
| main ()
| {
| if (sizeof ((_Bool)))
| 	    return 0;
|   ;
|   return 0;
| }
configure:4657: result: yes
configure:4668: checking for size_t
configure:4668: gcc -c -g -O2  conftest.c >&5
configure:4668: $? = 0
configure:4668: gcc -c -g -O2  conftest.c >&5
conftest.c: In function 'main':
conftest.c:62:21: error: expected expression before ')' token
 if (sizeof ((size_t)))
                     ^
configure:4668: $? = 1
configure: failed program was:
| /* confdefs.h */
| #define PACKAGE_NAME "nuwriter"
| #define PACKAGE_TARNAME "nuwriter"
| #define PACKAGE_VERSION "1.0"
| #define PACKAGE_STRING "nuwriter 1.0"
| #define PACKAGE_BUGREPORT "www.nuvoton.com.tw"
| #define PACKAGE_URL ""
| #define PACKAGE "nuwriter"
| #define VERSION "1.0"
| #define NUDATA_PATH "NONE/share/nudata"
| #define STDC_HEADERS 1
| #define HAVE_SYS_TYPES_H 1
| #define HAVE_SYS_STAT_H 1
| #define HAVE_STDLIB_H 1
| #define HAVE_STRING_H 1
| #define HAVE_MEMORY_H 1
| #define HAVE_STRINGS_H 1
| #define HAVE_INTTYPES_H 1
| #define HAVE_STDINT_H 1
| #define HAVE_UNISTD_H 1
| #define HAVE_STDLIB_H 1
| #define HAVE_STRING_H 1
| #define HAVE_UNISTD_H 1
| #define HAVE__BOOL 1
| /* end confdefs.h.  */
| #include <stdio.h>
| #ifdef HAVE_SYS_TYPES_H
| # include <sys/types.h>
| #endif
| #ifdef HAVE_SYS_STAT_H
| # include <sys/stat.h>
| #endif
| #ifdef STDC_HEADERS
| # include <stdlib.h>
| # include <stddef.h>
| #else
| # ifdef HAVE_STDLIB_H
| #  include <stdlib.h>
| # endif
| #endif
| #ifdef HAVE_STRING_H
| # if !defined STDC_HEADERS && defined HAVE_MEMORY_H
| #  include <memory.h>
| # endif
| # include <string.h>
| #endif
| #ifdef HAVE_STRINGS_H
| # include <strings.h>
| #endif
| #ifdef HAVE_INTTYPES_H
| # include <inttypes.h>
| #endif
| #ifdef HAVE_STDINT_H
| # include <stdint.h>
| #endif
| #ifdef HAVE_UNISTD_H
| # include <unistd.h>
| #endif
| int
| main ()
| {
| if (sizeof ((size_t)))
| 	    return 0;
|   ;
|   return 0;
| }
configure:4668: result: yes
configure:4679: checking for uint8_t
configure:4679: gcc -c -g -O2  conftest.c >&5
configure:4679: $? = 0
configure:4679: result: yes
configure:4697: checking for stdlib.h
configure:4697: result: yes
configure:4707: checking for GNU libc compatible malloc
configure:4731: gcc -o conftest -g -O2   conftest.c  >&5
configure:4731: $? = 0
configure:4731: ./conftest
configure:4731: $? = 0
configure:4741: result: yes
configure:4765: checking for memset
configure:4765: gcc -o conftest -g -O2   conftest.c  >&5
conftest.c:51:6: warning: conflicting types for built-in function 'memset'
 char memset ();
      ^
configure:4765: $? = 0
configure:4765: result: yes
configure:4765: checking for strcasecmp
configure:4765: gcc -o conftest -g -O2   conftest.c  >&5
conftest.c:52:6: warning: conflicting types for built-in function 'strcasecmp'
 char strcasecmp ();
      ^
configure:4765: $? = 0
configure:4765: result: yes
configure:4765: checking for strchr
configure:4765: gcc -o conftest -g -O2   conftest.c  >&5
conftest.c:53:6: warning: conflicting types for built-in function 'strchr'
 char strchr ();
      ^
configure:4765: $? = 0
configure:4765: result: yes
configure:4765: checking for strtoul
configure:4765: gcc -o conftest -g -O2   conftest.c  >&5
configure:4765: $? = 0
configure:4765: result: yes
configure:4886: checking that generated files are newer than configure
configure:4892: result: done
configure:4915: creating ./config.status

## ---------------------- ##
## Running config.status. ##
## ---------------------- ##

This file was extended by nuwriter config.status 1.0, which was
generated by GNU Autoconf 2.69.  Invocation command line was

  CONFIG_FILES    = 
  CONFIG_HEADERS  = 
  CONFIG_LINKS    = 
  CONFIG_COMMANDS = 
  $ ./config.status 

on ubuntu

config.status:869: creating Makefile
config.status:869: creating config.h
config.status:1098: executing depfiles commands

## ---------------- ##
## Cache variables. ##
## ---------------- ##

ac_cv_c_compiler_gnu=yes
ac_cv_c_uint8_t=yes
ac_cv_env_CC_set=
ac_cv_env_CC_value=
ac_cv_env_CFLAGS_set=
ac_cv_env_CFLAGS_value=
ac_cv_env_CPPFLAGS_set=
ac_cv_env_CPPFLAGS_value=
ac_cv_env_CPP_set=
ac_cv_env_CPP_value=
ac_cv_env_LDFLAGS_set=
ac_cv_env_LDFLAGS_value=
ac_cv_env_LIBS_set=
ac_cv_env_LIBS_value=
ac_cv_env_LIBUSB_CFLAGS_set=
ac_cv_env_LIBUSB_CFLAGS_value=
ac_cv_env_LIBUSB_LIBS_set=
ac_cv_env_LIBUSB_LIBS_value=
ac_cv_env_PKG_CONFIG_LIBDIR_set=
ac_cv_env_PKG_CONFIG_LIBDIR_value=
ac_cv_env_PKG_CONFIG_PATH_set=
ac_cv_env_PKG_CONFIG_PATH_value=
ac_cv_env_PKG_CONFIG_set=
ac_cv_env_PKG_CONFIG_value=
ac_cv_env_build_alias_set=
ac_cv_env_build_alias_value=
ac_cv_env_host_alias_set=
ac_cv_env_host_alias_value=
ac_cv_env_target_alias_set=
ac_cv_env_target_alias_value=
ac_cv_func_malloc_0_nonnull=yes
ac_cv_func_memset=yes
ac_cv_func_strcasecmp=yes
ac_cv_func_strchr=yes
ac_cv_func_strtoul=yes
ac_cv_header_inttypes_h=yes
ac_cv_header_memory_h=yes
ac_cv_header_stdbool_h=yes
ac_cv_header_stdc=yes
ac_cv_header_stdint_h=yes
ac_cv_header_stdlib_h=yes
ac_cv_header_string_h=yes
ac_cv_header_strings_h=yes
ac_cv_header_sys_stat_h=yes
ac_cv_header_sys_types_h=yes
ac_cv_header_unistd_h=yes
ac_cv_objext=o
ac_cv_path_EGREP='/bin/grep -E'
ac_cv_path_GREP=/bin/grep
ac_cv_path_ac_pt_PKG_CONFIG=/usr/bin/pkg-config
ac_cv_path_install='/usr/bin/install -c'
ac_cv_path_mkdir=/bin/mkdir
ac_cv_prog_AWK=gawk
ac_cv_prog_CPP='gcc -E'
ac_cv_prog_ac_ct_CC=gcc
ac_cv_prog_cc_c89=
ac_cv_prog_cc_g=yes
ac_cv_prog_make_make_set=yes
ac_cv_type__Bool=yes
ac_cv_type_size_t=yes
am_cv_CC_dependencies_compiler_type=gcc3
am_cv_make_support_nested_variables=yes
am_cv_prog_cc_c_o=yes
pkg_cv_LIBUSB_CFLAGS=-I/usr/include/libusb-1.0
pkg_cv_LIBUSB_LIBS=-lusb-1.0

## ----------------- ##
## Output variables. ##
## ----------------- ##

ACLOCAL='${SHELL} /home/schung/Git_Server/nuc980/nuwriter_cmd/missing aclocal-1.15'
AMDEPBACKSLASH='\'
AMDEP_FALSE='#'
AMDEP_TRUE=''
AMTAR='$${TAR-tar}'
AM_BACKSLASH='\'
AM_DEFAULT_V='$(AM_DEFAULT_VERBOSITY)'
AM_DEFAULT_VERBOSITY='1'
AM_V='$(V)'
AUTOCONF='${SHELL} /home/schung/Git_Server/nuc980/nuwriter_cmd/missing autoconf'
AUTOHEADER='${SHELL} /home/schung/Git_Server/nuc980/nuwriter_cmd/missing autoheader'
AUTOMAKE='${SHELL} /home/schung/Git_Server/nuc980/nuwriter_cmd/missing automake-1.15'
AWK='gawk'
CC='gcc'
CCDEPMODE='depmode=gcc3'
CFLAGS='-g -O2'
CPP='gcc -E'
CPPFLAGS=''
CYGPATH_W='echo'
DEFS='-DHAVE_CONFIG_H'
DEPDIR='.deps'
ECHO_C=''
ECHO_N='-n'
ECHO_T=''
EGREP='/bin/grep -E'
EXEEXT=''
GREP='/bin/grep'
INSTALL_DATA='${INSTALL} -m 644'
INSTALL_PROGRAM='${INSTALL}'
INSTALL_SCRIPT='${INSTALL}'
INSTALL_STRIP_PROGRAM='$(install_sh) -c -s'
LDFLAGS=''
LIBOBJS=''
LIBS=''
LIBUSB_CFLAGS='-I/usr/include/libusb-1.0'
LIBUSB_LIBS='-lusb-1.0'
LTLIBOBJS=''
MAKEINFO='${SHELL} /home/schung/Git_Server/nuc980/nuwriter_cmd/missing makeinfo'
MKDIR_P='/bin/mkdir -p'
OBJEXT='o'
PACKAGE='nuwriter'
PACKAGE_BUGREPORT='www.nuvoton.com.tw'
PACKAGE_NAME='nuwriter'
PACKAGE_STRING='nuwriter 1.0'
PACKAGE_TARNAME='nuwriter'
PACKAGE_URL=''
PACKAGE_VERSION='1.0'
PATH_SEPARATOR=':'
PKG_CONFIG='/usr/bin/pkg-config'
PKG_CONFIG_LIBDIR=''
PKG_CONFIG_PATH=''
SET_MAKE=''
SHELL='/bin/bash'
STRIP=''
VERSION='1.0'
ac_ct_CC='gcc'
am__EXEEXT_FALSE=''
am__EXEEXT_TRUE='#'
am__fastdepCC_FALSE='#'
am__fastdepCC_TRUE=''
am__include='include'
am__isrc=''
am__leading_dot='.'
am__nodep='_no'
am__quote=''
am__tar='$${TAR-tar} chof - "$$tardir"'
am__untar='$${TAR-tar} xf -'
bindir='${exec_prefix}/bin'
build_alias=''
datadir='${datarootdir}'
datarootdir='${prefix}/share'
docdir='${datarootdir}/doc/${PACKAGE_TARNAME}'
dvidir='${docdir}'
exec_prefix='${prefix}'
host_alias=''
htmldir='${docdir}'
includedir='${prefix}/include'
infodir='${datarootdir}/info'
install_sh='${SHELL} /home/schung/Git_Server/nuc980/nuwriter_cmd/install-sh'
libdir='${exec_prefix}/lib'
libexecdir='${exec_prefix}/libexec'
localedir='${datarootdir}/locale'
localstatedir='${prefix}/var'
mandir='${datarootdir}/man'
mkdir_p='$(MKDIR_P)'
oldincludedir='/usr/include'
pdfdir='${docdir}'
prefix='/usr/local'
program_transform_name='s,x,x,'
psdir='${docdir}'
runstatedir='${localstatedir}/run'
sbindir='${exec_prefix}/sbin'
sharedstatedir='${prefix}/com'
sysconfdir='${prefix}/etc'
target_alias=''

## ----------- ##
## confdefs.h. ##
## ----------- ##

/* confdefs.h */
#define PACKAGE_NAME "nuwriter"
#define PACKAGE_TARNAME "nuwriter"
#define PACKAGE_VERSION "1.0"
#define PACKAGE_STRING "nuwriter 1.0"
#define PACKAGE_BUGREPORT "www.nuvoton.com.tw"
#define PACKAGE_URL ""
#define PACKAGE "nuwriter"
#define VERSION "1.0"
#define NUDATA_PATH "NONE/share/nudata"
#define STDC_HEADERS 1
#define HAVE_SYS_TYPES_H 1
#define HAVE_SYS_STAT_H 1
#define HAVE_STDLIB_H 1
#define HAVE_STRING_H 1
#define HAVE_MEMORY_H 1
#define HAVE_STRINGS_H 1
#define HAVE_INTTYPES_H 1
#define HAVE_STDINT_H 1
#define HAVE_UNISTD_H 1
#define HAVE_STDLIB_H 1
#define HAVE_STRING_H 1
#define HAVE_UNISTD_H 1
#define HAVE__BOOL 1
#define HAVE_STDLIB_H 1
#define HAVE_MALLOC 1
#define HAVE_MEMSET 1
#define HAVE_STRCASECMP 1
#define HAVE_STRCHR 1
#define HAVE_STRTOUL 1

configure: exit 0
